TN:
SF:src/modules/items/services/CreateItemService.ts
FN:15,(anonymous_4)
FN:23,(anonymous_5)
FNF:2
FNH:2
FNDA:3,(anonymous_4)
FNDA:4,(anonymous_5)
DA:1,3
DA:14,3
DA:17,3
DA:20,3
DA:24,4
DA:26,4
DA:31,4
DA:35,3
LF:8
LH:8
BRF:0
BRH:0
end_of_record
TN:
SF:src/modules/items/services/ListItemsService.ts
FN:8,(anonymous_4)
FN:13,(anonymous_5)
FNF:2
FNH:2
FNDA:1,(anonymous_4)
FNDA:1,(anonymous_5)
DA:1,1
DA:7,1
DA:10,1
DA:14,1
DA:16,1
DA:20,1
LF:6
LH:6
BRF:0
BRH:0
end_of_record
TN:
SF:src/modules/items/services/ShowItemsByIdsService.ts
FN:12,(anonymous_4)
FN:17,(anonymous_5)
FNF:2
FNH:2
FNDA:1,(anonymous_4)
FNDA:1,(anonymous_5)
DA:1,1
DA:11,1
DA:14,1
DA:18,1
DA:20,1
DA:24,1
LF:6
LH:6
BRF:0
BRH:0
end_of_record
TN:
SF:src/modules/points/services/CreatePointService.ts
FN:22,(anonymous_4)
FN:30,(anonymous_5)
FNF:2
FNH:2
FNDA:3,(anonymous_4)
FNDA:3,(anonymous_5)
DA:1,3
DA:21,3
DA:24,3
DA:27,3
DA:41,3
DA:43,3
DA:55,3
DA:57,3
DA:61,3
LF:9
LH:9
BRF:0
BRH:0
end_of_record
TN:
SF:src/modules/points/services/ListPointsService.ts
FN:8,(anonymous_4)
FN:13,(anonymous_5)
FNF:2
FNH:2
FNDA:1,(anonymous_4)
FNDA:1,(anonymous_5)
DA:1,1
DA:7,1
DA:10,1
DA:14,1
DA:16,1
DA:20,1
LF:6
LH:6
BRF:0
BRH:0
end_of_record
TN:
SF:src/modules/points/services/ShowPointService.ts
FN:12,(anonymous_4)
FN:17,(anonymous_5)
FNF:2
FNH:2
FNDA:1,(anonymous_4)
FNDA:1,(anonymous_5)
DA:1,1
DA:11,1
DA:14,1
DA:18,1
DA:20,1
DA:24,1
LF:6
LH:6
BRF:0
BRH:0
end_of_record
TN:
SF:src/modules/users/services/CreateSessionServices.ts
FN:24,(anonymous_5)
FN:32,(anonymous_6)
FNF:2
FNH:0
FNDA:0,(anonymous_5)
FNDA:0,(anonymous_6)
DA:1,0
DA:3,0
DA:5,0
DA:7,0
DA:23,0
DA:26,0
DA:29,0
DA:33,0
DA:35,0
DA:36,0
DA:39,0
DA:44,0
DA:45,0
DA:48,0
DA:50,0
DA:55,0
DA:59,0
LF:17
LH:0
BRDA:35,0,0,0
BRDA:35,0,1,0
BRDA:44,1,0,0
BRDA:44,1,1,0
BRF:4
BRH:0
end_of_record
TN:
SF:src/modules/users/services/CreateUserServices.ts
FN:17,(anonymous_4)
FN:25,(anonymous_5)
FNF:2
FNH:2
FNDA:1,(anonymous_4)
FNDA:1,(anonymous_5)
DA:1,1
DA:16,1
DA:19,1
DA:22,1
DA:31,1
DA:33,1
DA:40,1
DA:44,1
LF:8
LH:8
BRF:0
BRH:0
end_of_record
