TN:
SF:src/modules/items/services/CreateItemService.ts
FN:15,(anonymous_4)
FN:23,(anonymous_5)
FNF:2
FNH:2
FNDA:3,(anonymous_4)
FNDA:4,(anonymous_5)
DA:1,3
DA:14,3
DA:17,3
DA:20,3
DA:24,4
DA:26,4
DA:31,4
DA:35,3
LF:8
LH:8
BRF:0
BRH:0
end_of_record
TN:
SF:src/modules/items/services/ListItemsService.ts
FN:8,(anonymous_4)
FN:13,(anonymous_5)
FNF:2
FNH:2
FNDA:1,(anonymous_4)
FNDA:1,(anonymous_5)
DA:1,1
DA:7,1
DA:10,1
DA:14,1
DA:16,1
DA:20,1
LF:6
LH:6
BRF:0
BRH:0
end_of_record
TN:
SF:src/modules/items/services/ShowItemsByIdsService.ts
FN:12,(anonymous_4)
FN:17,(anonymous_5)
FNF:2
FNH:2
FNDA:1,(anonymous_4)
FNDA:1,(anonymous_5)
DA:1,1
DA:11,1
DA:14,1
DA:18,1
DA:20,1
DA:24,1
LF:6
LH:6
BRF:0
BRH:0
end_of_record
TN:
SF:src/modules/points/services/CreatePointService.ts
FN:23,(anonymous_4)
FN:31,(anonymous_5)
FNF:2
FNH:2
FNDA:3,(anonymous_4)
FNDA:3,(anonymous_5)
DA:1,3
DA:22,3
DA:25,3
DA:28,3
DA:43,3
DA:45,3
DA:58,3
DA:60,3
DA:64,3
LF:9
LH:9
BRF:0
BRH:0
end_of_record
TN:
SF:src/modules/points/services/ListPointsService.ts
FN:8,(anonymous_4)
FN:13,(anonymous_5)
FNF:2
FNH:2
FNDA:1,(anonymous_4)
FNDA:1,(anonymous_5)
DA:1,1
DA:7,1
DA:10,1
DA:14,1
DA:16,1
DA:20,1
LF:6
LH:6
BRF:0
BRH:0
end_of_record
TN:
SF:src/modules/points/services/ShowPointService.ts
FN:12,(anonymous_4)
FN:17,(anonymous_5)
FNF:2
FNH:2
FNDA:1,(anonymous_4)
FNDA:1,(anonymous_5)
DA:1,1
DA:11,1
DA:14,1
DA:18,1
DA:20,1
DA:24,1
LF:6
LH:6
BRF:0
BRH:0
end_of_record
TN:
SF:src/modules/users/services/CreateSessionServices.ts
FN:24,(anonymous_5)
FN:32,(anonymous_6)
FNF:2
FNH:2
FNDA:3,(anonymous_5)
FNDA:2,(anonymous_6)
DA:1,1
DA:3,1
DA:5,1
DA:7,1
DA:23,1
DA:26,3
DA:29,3
DA:33,2
DA:35,2
DA:36,1
DA:39,1
DA:44,1
DA:45,0
DA:48,1
DA:50,1
DA:55,1
DA:59,1
LF:17
LH:16
BRDA:35,0,0,1
BRDA:35,0,1,1
BRDA:44,1,0,0
BRDA:44,1,1,1
BRF:4
BRH:3
end_of_record
TN:
SF:src/modules/users/services/CreateUserServices.ts
FN:17,(anonymous_4)
FN:25,(anonymous_5)
FNF:2
FNH:2
FNDA:3,(anonymous_4)
FNDA:2,(anonymous_5)
DA:1,2
DA:16,2
DA:19,3
DA:22,3
DA:31,2
DA:33,2
DA:40,2
DA:44,2
LF:8
LH:8
BRF:0
BRH:0
end_of_record
